c:\users\taz\desktop\oop_indie_studio_2018\bomberman.dir\debug\vc141.pdb
c:\users\taz\desktop\oop_indie_studio_2018\bomberman.dir\debug\timeoutobject.obj
c:\users\taz\desktop\oop_indie_studio_2018\bomberman.dir\debug\speedup.obj
c:\users\taz\desktop\oop_indie_studio_2018\bomberman.dir\debug\powerup.obj
c:\users\taz\desktop\oop_indie_studio_2018\bomberman.dir\debug\ground.obj
c:\users\taz\desktop\oop_indie_studio_2018\bomberman.dir\debug\fireup.obj
c:\users\taz\desktop\oop_indie_studio_2018\bomberman.dir\debug\explosion.obj
c:\users\taz\desktop\oop_indie_studio_2018\bomberman.dir\debug\bombup.obj
c:\users\taz\desktop\oop_indie_studio_2018\bomberman.dir\debug\bomb.obj
c:\users\taz\desktop\oop_indie_studio_2018\bomberman.dir\debug\boardobject.obj
c:\users\taz\desktop\oop_indie_studio_2018\bomberman.dir\debug\blockbreakable.obj
c:\users\taz\desktop\oop_indie_studio_2018\bomberman.dir\debug\timeoutobjectbehaviour.obj
c:\users\taz\desktop\oop_indie_studio_2018\bomberman.dir\debug\powerupbehaviour.obj
c:\users\taz\desktop\oop_indie_studio_2018\bomberman.dir\debug\playerbehaviour.obj
c:\users\taz\desktop\oop_indie_studio_2018\bomberman.dir\debug\bombbehaviour.obj
c:\users\taz\desktop\oop_indie_studio_2018\bomberman.dir\debug\boardbehaviour.obj
c:\users\taz\desktop\oop_indie_studio_2018\bomberman.dir\debug\aiutils.obj
c:\users\taz\desktop\oop_indie_studio_2018\bomberman.dir\debug\aibehaviour.obj
c:\users\taz\desktop\oop_indie_studio_2018\bomberman.dir\debug\objanimationoptimizer.obj
c:\users\taz\desktop\oop_indie_studio_2018\bomberman.dir\debug\animator.obj
c:\users\taz\desktop\oop_indie_studio_2018\bomberman.dir\debug\animatedmesh.obj
c:\users\taz\desktop\oop_indie_studio_2018\bomberman.dir\debug\keyservice.obj
c:\users\taz\desktop\oop_indie_studio_2018\bomberman.dir\debug\filesystemservice.obj
c:\users\taz\desktop\oop_indie_studio_2018\bomberman.dir\debug\deviceservice.obj
c:\users\taz\desktop\oop_indie_studio_2018\bomberman.dir\debug\scenemanager.obj
c:\users\taz\desktop\oop_indie_studio_2018\bomberman.dir\debug\optionsscene.obj
c:\users\taz\desktop\oop_indie_studio_2018\bomberman.dir\debug\mainmenu.obj
c:\users\taz\desktop\oop_indie_studio_2018\bomberman.dir\debug\loadingscene.obj
c:\users\taz\desktop\oop_indie_studio_2018\bomberman.dir\debug\gamescene.obj
c:\users\taz\desktop\oop_indie_studio_2018\bomberman.dir\debug\ascene.obj
c:\users\taz\desktop\oop_indie_studio_2018\bomberman.dir\debug\position.obj
c:\users\taz\desktop\oop_indie_studio_2018\bomberman.dir\debug\playerssettingssave.obj
c:\users\taz\desktop\oop_indie_studio_2018\bomberman.dir\debug\explosionmanager.obj
c:\users\taz\desktop\oop_indie_studio_2018\bomberman.dir\debug\board.obj
c:\users\taz\desktop\oop_indie_studio_2018\bomberman.dir\debug\game.obj
c:\users\taz\desktop\oop_indie_studio_2018\bomberman.dir\debug\playerfactory.obj
c:\users\taz\desktop\oop_indie_studio_2018\bomberman.dir\debug\player.obj
c:\users\taz\desktop\oop_indie_studio_2018\bomberman.dir\debug\orientation.obj
c:\users\taz\desktop\oop_indie_studio_2018\bomberman.dir\debug\abstractentity.obj
c:\users\taz\desktop\oop_indie_studio_2018\bomberman.dir\debug\wallpass.obj
c:\users\taz\desktop\oop_indie_studio_2018\bomberman.dir\debug\wall.obj
c:\users\taz\desktop\oop_indie_studio_2018\bomberman.dir\debug\main.obj
c:\users\taz\desktop\oop_indie_studio_2018\bomberman.dir\debug\to2d.obj
c:\users\taz\desktop\oop_indie_studio_2018\bomberman.dir\debug\placerectangle.obj
c:\users\taz\desktop\oop_indie_studio_2018\bomberman.dir\debug\path.obj
c:\users\taz\desktop\oop_indie_studio_2018\bomberman.dir\debug\keys.obj
c:\users\taz\desktop\oop_indie_studio_2018\bomberman.dir\debug\directionmap.obj
c:\users\taz\desktop\oop_indie_studio_2018\bomberman.dir\debug\pathfindingservice.obj
c:\users\taz\desktop\oop_indie_studio_2018\bomberman.dir\debug\loadingservice.obj
c:\users\taz\desktop\oop_indie_studio_2018\cmakefiles\generate.stamp
c:\users\taz\desktop\oop_indie_studio_2018\debug\bomberman.ilk
c:\users\taz\desktop\oop_indie_studio_2018\debug\bomberman.exe
c:\users\taz\desktop\oop_indie_studio_2018\debug\bomberman.pdb
c:\users\taz\desktop\oop_indie_studio_2018\bomberman.dir\debug\bomberman.tlog\cl.command.1.tlog
c:\users\taz\desktop\oop_indie_studio_2018\bomberman.dir\debug\bomberman.tlog\cl.read.1.tlog
c:\users\taz\desktop\oop_indie_studio_2018\bomberman.dir\debug\bomberman.tlog\cl.write.1.tlog
c:\users\taz\desktop\oop_indie_studio_2018\bomberman.dir\debug\bomberman.tlog\custombuild.command.1.tlog
c:\users\taz\desktop\oop_indie_studio_2018\bomberman.dir\debug\bomberman.tlog\custombuild.read.1.tlog
c:\users\taz\desktop\oop_indie_studio_2018\bomberman.dir\debug\bomberman.tlog\custombuild.write.1.tlog
c:\users\taz\desktop\oop_indie_studio_2018\bomberman.dir\debug\bomberman.tlog\link.command.1.tlog
c:\users\taz\desktop\oop_indie_studio_2018\bomberman.dir\debug\bomberman.tlog\link.read.1.tlog
c:\users\taz\desktop\oop_indie_studio_2018\bomberman.dir\debug\bomberman.tlog\link.write.1.tlog
